<?xml version="1.0" encoding="UTF-8"?>
<Site BuildName="Win32-MSBuild"
	BuildStamp="20220907-0744-Experimental"
	Name="SJLee"
	Generator="ctest-3.23.1"
	CompilerName="C:/Program Files (x86)/Microsoft Visual Studio/2022/BuildTools/VC/Tools/MSVC/14.33.31629/bin/Hostx64/x86/cl.exe"
	CompilerVersion="19.33.31629.0"
	OSName="Windows"
	Hostname="SJLee"
	OSRelease=" Professional"
	OSVersion=" (Build 19042)"
	OSPlatform="AMD64"
	Is64Bits="1"
	VendorString="GenuineIntel"
	VendorID="Intel Corporation"
	FamilyID="6"
	ModelID="14"
	ProcessorCacheSize="-1"
	NumberOfLogicalCPU="8"
	NumberOfPhysicalCPU="8"
	TotalVirtualMemory="19471"
	TotalPhysicalMemory="16271"
	LogicalProcessorsPerPhysical="1"
	ProcessorClockFrequency="3000"
	>
	<Testing>
		<StartDateTime>Sep 07 16:44 [NON-UTF-8-BYTE-0xA2][NON-UTF-8-BYTE-0xA5]eCN[NON-UTF-8-BYTE-0xA9][NON-UTF-8-BYTE-0xF6]I[NON-UTF-8-BYTE-0xA1][NON-UTF-8-BYTE-0xBE][NON-UTF-8-BYTE-0xA9][NON-UTF-8-BYTE-0xF6] C[NON-UTF-8-BYTE-0xA1][NON-UTF-8-BYTE-0xCD]A[NON-UTF-8-BYTE-0xA8][NON-UTF-8-BYTE-0xAA][NON-UTF-8-BYTE-0xA8][NON-UTF-8-BYTE-0xF6]A</StartDateTime>
		<StartTestTime>1662536648</StartTestTime>
		<TestList/>
		<EndDateTime>Sep 07 16:44 [NON-UTF-8-BYTE-0xA2][NON-UTF-8-BYTE-0xA5]eCN[NON-UTF-8-BYTE-0xA9][NON-UTF-8-BYTE-0xF6]I[NON-UTF-8-BYTE-0xA1][NON-UTF-8-BYTE-0xBE][NON-UTF-8-BYTE-0xA9][NON-UTF-8-BYTE-0xF6] C[NON-UTF-8-BYTE-0xA1][NON-UTF-8-BYTE-0xCD]A[NON-UTF-8-BYTE-0xA8][NON-UTF-8-BYTE-0xAA][NON-UTF-8-BYTE-0xA8][NON-UTF-8-BYTE-0xF6]A</EndDateTime>
		<EndTestTime>1662536648</EndTestTime>
		<ElapsedMinutes>0</ElapsedMinutes>
	</Testing>
</Site>
